[1012/005144:ERROR:process_info.cc(103)] ReadProcessMemory bool __cdecl crashpad::`anonymous-namespace'::ReadStruct<struct crashpad::process_types::PEB<struct crashpad::process_types::internal::Traits64>>(void *,unsigned __int64,struct crashpad::process_types::PEB<struct crashpad::process_types::internal::Traits64> *): Запрос ReadProcessMemory или WriteProcessMemory был выполнен только частично. (0x12B)
[1012/005144:ERROR:process_info.cc(542)] ReadProcessData failed
[1012/005144:ERROR:process_reader_win.cc(233)] ReadMemory at 0x7ff6273589f0 of 12 bytes failed: Запрос ReadProcessMemory или WriteProcessMemory был выполнен только частично. (0x12B)
[1012/005144:WARNING:process_snapshot_win.cc(68)] ReadMemory ExceptionInformation failed
[1012/005144:WARNING:crash_report_exception_handler.cc(56)] ProcessSnapshotWin::Initialize failed
[1012/005144:ERROR:process_info.cc(103)] ReadProcessMemory bool __cdecl crashpad::`anonymous-namespace'::ReadStruct<struct crashpad::process_types::LDR_DATA_TABLE_ENTRY<struct crashpad::process_types::internal::Traits64>>(void *,unsigned __int64,struct crashpad::process_types::LDR_DATA_TABLE_ENTRY<struct crashpad::process_types::internal::Traits64> *): Запрос ReadProcessMemory или WriteProcessMemory был выполнен только частично. (0x12B)
[1012/005144:ERROR:process_info.cc(330)] VirtualQueryEx: Отказано в доступе. (0x5)
[1012/005144:ERROR:process_info.cc(547)] ReadMemoryInfo failed
[1012/005144:ERROR:process_reader_win.cc(233)] ReadMemory at 0x7ff6273589f0 of 12 bytes failed: Запрос ReadProcessMemory или WriteProcessMemory был выполнен только частично. (0x12B)
[1012/005144:WARNING:process_snapshot_win.cc(68)] ReadMemory ExceptionInformation failed
[1012/005144:WARNING:crash_report_exception_handler.cc(56)] ProcessSnapshotWin::Initialize failed
[1012/005144:ERROR:process_info.cc(330)] VirtualQueryEx: Отказано в доступе. (0x5)
[1012/005144:ERROR:process_info.cc(547)] ReadMemoryInfo failed
[1012/005144:ERROR:process_reader_win.cc(233)] ReadMemory at 0x7ff6273589f0 of 12 bytes failed: Запрос ReadProcessMemory или WriteProcessMemory был выполнен только частично. (0x12B)
[1012/005144:WARNING:process_snapshot_win.cc(68)] ReadMemory ExceptionInformation failed
[1012/005144:WARNING:crash_report_exception_handler.cc(56)] ProcessSnapshotWin::Initialize failed
[1012/005144:ERROR:process_info.cc(83)] ReadProcessMemory UNICODE_STRING: Запрос ReadProcessMemory или WriteProcessMemory был выполнен только частично. (0x12B)
[1012/005144:ERROR:process_info.cc(542)] ReadProcessData failed
[1012/005144:ERROR:process_reader_win.cc(233)] ReadMemory at 0x7ff6273589f0 of 12 bytes failed: Запрос ReadProcessMemory или WriteProcessMemory был выполнен только частично. (0x12B)
[1012/005144:WARNING:process_snapshot_win.cc(68)] ReadMemory ExceptionInformation failed
[1012/005144:WARNING:crash_report_exception_handler.cc(56)] ProcessSnapshotWin::Initialize failed
[1012/005144:ERROR:scoped_process_suspend.cc(38)] NtResumeProcess: Попытка доступа к процессу, выполняющему процедуру завершения.  (0xc000010a)
[1012/005144:ERROR:scoped_process_suspend.cc(38)] NtResumeProcess: Попытка доступа к процессу, выполняющему процедуру завершения.  (0xc000010a)
[1012/005144:ERROR:scoped_process_suspend.cc(38)] NtResumeProcess: Попытка доступа к процессу, выполняющему процедуру завершения.  (0xc000010a)
[1012/005144:ERROR:scoped_process_suspend.cc(38)] NtResumeProcess: Попытка доступа к процессу, выполняющему процедуру завершения.  (0xc000010a)
